<?xml version="1.0" encoding="UTF-8" ?>
<testsuite tests="9" failures="0" name="com.mastercode.javafuncional.factory.FunctionalTest" time="0.008" errors="0" skipped="0">
  <properties>
[...]
</properties>
  <testcase classname="com.mastercode.javafuncional.factory.FunctionalTest" name="given_string_then_return_string_object" time="0.004"/>
  <testcase classname="com.mastercode.javafuncional.factory.FunctionalTest" name="given_null_then_return_the_other_object" time="0"/>
  <testcase classname="com.mastercode.javafuncional.factory.FunctionalTest" name="given_object_then_return_an_object" time="0"/>
  <testcase classname="com.mastercode.javafuncional.factory.FunctionalTest" name="given_object_then_not_throw_exception" time="0.001"/>
  <testcase classname="com.mastercode.javafuncional.factory.FunctionalTest" name="given_string_then_return_integer_object" time="0"/>
  <testcase classname="com.mastercode.javafuncional.factory.FunctionalTest" name="given_msg_then_print_the_msg" time="0.002"/>
  <testcase classname="com.mastercode.javafuncional.factory.FunctionalTest" name="given_obj_then_return_the_same_object" time="0"/>
  <testcase classname="com.mastercode.javafuncional.factory.FunctionalTest" name="given_null_then_throw_exception" time="0.001"/>
  <testcase classname="com.mastercode.javafuncional.factory.FunctionalTest" name="Given_object_then_return_functional_object" time="0"/>
</testsuite>